Processing file: DD003.xlsx
After Process, 63.897047619
Processing file: CY002.xlsx
After Process, 64.3390952381
Processing file: MR013.xlsx
After Process, 68.2946666667
Processing file: BJ014.xlsx
After Process, 63.2892857143
Processing file: AM004.xlsx
After Process, 63.0403333333
Processing file: FM009.xlsx
After Process, 64.3758095238
Processing file: NC016.xlsx
After Process, 63.6058095238
Processing file: CV008.xlsx
After Process, 62.3369047619
Processing file: FK001.xlsx
After Process, 62.9281428571
Processing file: KJ015.xlsx
After Process, 62.8753809524
Processing file: HS006.xlsx
After Process, 65.3898571429
Processing file: JM010.xlsx
After Process, 63.8601428571
Processing file: EP012.xlsx
After Process, 61.8838571429
Processing file: WB018.xlsx
After Process, 62.7675238095
Processing file: JV007.xlsx
After Process, 63.6783333333
Processing file: MS011.xlsx
After Process, 63.891
Processing file: MM005.xlsx
After Process, 65.0656190476
Processing file: KC017.xlsx
After Process, 63.3376190476
